==7374== Memcheck, a memory error detector
==7374== Copyright (C) 2002-2022, and GNU GPL'd, by Julian Seward et al.
==7374== Using Valgrind-3.22.0-bd4db67b1d-20231031 and LibVEX; rerun with -h for copyright info
==7374== Command: ./minishell -d
==7374== Parent PID: 7373
==7374== 
--7374-- 
--7374-- Valgrind options:
--7374--    --suppressions=read.supp
--7374--    --show-leak-kinds=all
--7374--    --leak-check=full
--7374--    --track-fds=yes
--7374--    --verbose
--7374--    --log-file=valgrind.log
--7374-- Contents of /proc/version:
--7374--   Linux version 5.15.167.4-microsoft-standard-WSL2 (root@f9c826d3017f) (gcc (GCC) 11.2.0, GNU ld (GNU Binutils) 2.37) #1 SMP Tue Nov 5 00:21:55 UTC 2024
--7374-- 
--7374-- Arch and hwcaps: AMD64, LittleEndian, amd64-cx16-lzcnt-rdtscp-sse3-ssse3-avx-avx2-bmi-f16c-rdrand-rdseed
--7374-- Page sizes: currently 4096, max supported 4096
--7374-- Valgrind library directory: /usr/libexec/valgrind
--7374-- Reading syms from /home/jcmspg/minishell/minishell
--7374-- Reading syms from /usr/lib/x86_64-linux-gnu/ld-linux-x86-64.so.2
--7374--   Considering /usr/lib/debug/.build-id/1c/8db5f83bba514f8fd5f1fb6d7be975be1bb855.debug ..
--7374--   .. build-id is valid
--7374-- Reading syms from /usr/libexec/valgrind/memcheck-amd64-linux
--7374--    object doesn't have a dynamic symbol table
--7374-- Scheduler: using generic scheduler lock implementation.
--7374-- Reading suppressions file: read.supp
--7374-- Reading suppressions file: /usr/libexec/valgrind/default.supp
==7374== embedded gdbserver: reading from /tmp/vgdb-pipe-from-vgdb-to-7374-by-jcmspg-on-???
==7374== embedded gdbserver: writing to   /tmp/vgdb-pipe-to-vgdb-from-7374-by-jcmspg-on-???
==7374== embedded gdbserver: shared mem   /tmp/vgdb-pipe-shared-mem-vgdb-7374-by-jcmspg-on-???
==7374== 
==7374== TO CONTROL THIS PROCESS USING vgdb (which you probably
==7374== don't want to do, unless you know exactly what you're doing,
==7374== or are doing some strange experiment):
==7374==   /usr/bin/vgdb --pid=7374 ...command...
==7374== 
==7374== TO DEBUG THIS PROCESS USING GDB: start GDB like this
==7374==   /path/to/gdb ./minishell
==7374== and then give GDB the following command
==7374==   target remote | /usr/bin/vgdb --pid=7374
==7374== --pid is optional if only one valgrind process is running
==7374== 
--7374-- REDIR: 0x4028b00 (ld-linux-x86-64.so.2:strlen) redirected to 0x580c2e1a (???)
--7374-- REDIR: 0x40272b0 (ld-linux-x86-64.so.2:index) redirected to 0x580c2e34 (???)
--7374-- Reading syms from /usr/libexec/valgrind/vgpreload_core-amd64-linux.so
--7374-- Reading syms from /usr/libexec/valgrind/vgpreload_memcheck-amd64-linux.so
==7374== WARNING: new redirection conflicts with existing -- ignoring it
--7374--     old: 0x04028b00 (strlen              ) R-> (0000.0) 0x580c2e1a ???
--7374--     new: 0x04028b00 (strlen              ) R-> (2007.0) 0x0484f340 strlen
--7374-- REDIR: 0x40274e0 (ld-linux-x86-64.so.2:strcmp) redirected to 0x4850460 (strcmp)
--7374-- REDIR: 0x4026910 (ld-linux-x86-64.so.2:mempcpy) redirected to 0x4853cd0 (mempcpy)
--7374-- Reading syms from /usr/lib/x86_64-linux-gnu/libreadline.so.8.2
--7374-- Reading syms from /usr/lib/x86_64-linux-gnu/libc.so.6
--7374--   Considering /usr/lib/debug/.build-id/42/c84c92e6f98126b3e2230ebfdead22c235b667.debug ..
--7374--   .. build-id is valid
--7374-- Reading syms from /usr/lib/x86_64-linux-gnu/libtinfo.so.6.4
--7374-- REDIR: 0x4028ca0 (ld-linux-x86-64.so.2:strncmp) redirected to 0x484fc90 (strncmp)
--7374-- REDIR: 0x496b050 (libc.so.6:strnlen) redirected to 0x483d1c0 (_vgnU_ifunc_wrapper)
--7374-- REDIR: 0x496b0e0 (libc.so.6:strpbrk) redirected to 0x483d1c0 (_vgnU_ifunc_wrapper)
--7374-- REDIR: 0x49691a0 (libc.so.6:strcmp) redirected to 0x483d1c0 (_vgnU_ifunc_wrapper)
--7374-- REDIR: 0x49823b0 (libc.so.6:wcsnlen) redirected to 0x483d1c0 (_vgnU_ifunc_wrapper)
--7374-- REDIR: 0x4968290 (libc.so.6:memset) redirected to 0x483d1c0 (_vgnU_ifunc_wrapper)
--7374-- REDIR: 0x4981b20 (libc.so.6:wcslen) redirected to 0x483d1c0 (_vgnU_ifunc_wrapper)
--7374-- REDIR: 0x49ed3c0 (libc.so.6:__memcpy_chk) redirected to 0x483d1c0 (_vgnU_ifunc_wrapper)
--7374-- REDIR: 0x4968200 (libc.so.6:memrchr) redirected to 0x483d1c0 (_vgnU_ifunc_wrapper)
--7374-- REDIR: 0x4982350 (libc.so.6:wcsncpy) redirected to 0x483d1c0 (_vgnU_ifunc_wrapper)
--7374-- REDIR: 0x4967720 (libc.so.6:memcpy@@GLIBC_2.14) redirected to 0x483d1c0 (_vgnU_ifunc_wrapper)
--7374-- REDIR: 0x49808e0 (libc.so.6:wcschr) redirected to 0x483d1c0 (_vgnU_ifunc_wrapper)
--7374-- REDIR: 0x4969090 (libc.so.6:index) redirected to 0x483d1c0 (_vgnU_ifunc_wrapper)
--7374-- REDIR: 0x496b110 (libc.so.6:rindex) redirected to 0x483d1c0 (_vgnU_ifunc_wrapper)
--7374-- REDIR: 0x4980990 (libc.so.6:wcscmp) redirected to 0x483d1c0 (_vgnU_ifunc_wrapper)
--7374-- REDIR: 0x49684b0 (libc.so.6:stpncpy) redirected to 0x483d1c0 (_vgnU_ifunc_wrapper)
--7374-- REDIR: 0x498eeb0 (libc.so.6:wmemchr) redirected to 0x483d1c0 (_vgnU_ifunc_wrapper)
--7374-- REDIR: 0x496aef0 (libc.so.6:strncmp) redirected to 0x483d1c0 (_vgnU_ifunc_wrapper)
--7374-- REDIR: 0x4968510 (libc.so.6:strcasecmp) redirected to 0x483d1c0 (_vgnU_ifunc_wrapper)
--7374-- REDIR: 0x496a310 (libc.so.6:strcspn) redirected to 0x483d1c0 (_vgnU_ifunc_wrapper)
--7374-- REDIR: 0x49818f0 (libc.so.6:wcscpy) redirected to 0x483d1c0 (_vgnU_ifunc_wrapper)
--7374-- REDIR: 0x4969020 (libc.so.6:strcat) redirected to 0x483d1c0 (_vgnU_ifunc_wrapper)
--7374-- REDIR: 0x496adf0 (libc.so.6:strncasecmp_l) redirected to 0x483d1c0 (_vgnU_ifunc_wrapper)
--7374-- REDIR: 0x4969110 (libc.so.6:strchrnul) redirected to 0x483d1c0 (_vgnU_ifunc_wrapper)
--7374-- REDIR: 0x4967630 (libc.so.6:bcmp) redirected to 0x483d1c0 (_vgnU_ifunc_wrapper)
--7374-- REDIR: 0x496a2a0 (libc.so.6:strcpy) redirected to 0x483d1c0 (_vgnU_ifunc_wrapper)
--7374-- REDIR: 0x49685b0 (libc.so.6:strcasecmp_l) redirected to 0x483d1c0 (_vgnU_ifunc_wrapper)
--7374-- REDIR: 0x496acc0 (libc.so.6:strlen) redirected to 0x483d1c0 (_vgnU_ifunc_wrapper)
--7374-- REDIR: 0x496af90 (libc.so.6:strncpy) redirected to 0x483d1c0 (_vgnU_ifunc_wrapper)
--7374-- REDIR: 0x498ef30 (libc.so.6:wmemcmp) redirected to 0x483d1c0 (_vgnU_ifunc_wrapper)
--7374-- REDIR: 0x49ed4e0 (libc.so.6:__memmove_chk) redirected to 0x483d1c0 (_vgnU_ifunc_wrapper)
==7374== WARNING: new redirection conflicts with existing -- ignoring it
--7374--     old: 0x04a3e9d0 (__memcpy_chk_avx_una) R-> (2030.0) 0x04853dd0 __memcpy_chk
--7374--     new: 0x04a3e9d0 (__memcpy_chk_avx_una) R-> (2024.0) 0x04853740 __memmove_chk
--7374-- REDIR: 0x4968440 (libc.so.6:stpcpy) redirected to 0x483d1c0 (_vgnU_ifunc_wrapper)
--7374-- REDIR: 0x4967fc0 (libc.so.6:memmove) redirected to 0x483d1c0 (_vgnU_ifunc_wrapper)
==7374== Preferring higher priority redirection:
--7374--     old: 0x04a3ea00 (__memcpy_avx_unalign) R-> (2018.0) 0x04851580 __memcpy_avx_unaligned_erms
--7374--     new: 0x04a3ea00 (__memcpy_avx_unalign) R-> (2018.1) 0x04852d60 memmove
--7374-- REDIR: 0x49675b0 (libc.so.6:memchr) redirected to 0x483d1c0 (_vgnU_ifunc_wrapper)
--7374-- REDIR: 0x496b2e0 (libc.so.6:strspn) redirected to 0x483d1c0 (_vgnU_ifunc_wrapper)
--7374-- REDIR: 0x49680e0 (libc.so.6:mempcpy) redirected to 0x483d1c0 (_vgnU_ifunc_wrapper)
--7374-- REDIR: 0x496ad50 (libc.so.6:strncasecmp) redirected to 0x483d1c0 (_vgnU_ifunc_wrapper)
--7374-- REDIR: 0x496ae90 (libc.so.6:strncat) redirected to 0x483d1c0 (_vgnU_ifunc_wrapper)
--7374-- REDIR: 0x496bba0 (libc.so.6:strstr) redirected to 0x483d1c0 (_vgnU_ifunc_wrapper)
--7374-- REDIR: 0x4a435f0 (libc.so.6:__strrchr_avx2) redirected to 0x484ed20 (rindex)
--7374-- REDIR: 0x4963650 (libc.so.6:malloc) redirected to 0x48467b0 (malloc)
--7374-- REDIR: 0x4a41740 (libc.so.6:__strlen_avx2) redirected to 0x484f220 (strlen)
--7374-- REDIR: 0x4a3ea00 (libc.so.6:__memcpy_avx_unaligned_erms) redirected to 0x4852d60 (memmove)
--7374-- REDIR: 0x4a40da0 (libc.so.6:__strchrnul_avx2) redirected to 0x48537b0 (strchrnul)
--7374-- REDIR: 0x4900d30 (libc.so.6:setenv) redirected to 0x48547d0 (setenv)
--7374-- REDIR: 0x4a40b60 (libc.so.6:__strchr_avx2) redirected to 0x484ef00 (index)
--7374-- REDIR: 0x4a42820 (libc.so.6:__strncmp_avx2) redirected to 0x484fab0 (strncmp)
--7374-- REDIR: 0x49640a0 (libc.so.6:realloc) redirected to 0x484db00 (realloc)
--7374-- REDIR: 0x4a3e9d0 (libc.so.6:__memcpy_chk_avx_unaligned_erms) redirected to 0x4853dd0 (__memcpy_chk)
--7374-- REDIR: 0x4a3e9c0 (libc.so.6:__mempcpy_avx_unaligned_erms) redirected to 0x48538d0 (mempcpy)
--7374-- REDIR: 0x4a40f90 (libc.so.6:__strcmp_avx2) redirected to 0x4850360 (strcmp)
--7374-- REDIR: 0x49647a0 (libc.so.6:calloc) redirected to 0x484d8a0 (calloc)
--7374-- REDIR: 0x4a43320 (libc.so.6:__strnlen_avx2) redirected to 0x484f1c0 (strnlen)
--7374-- REDIR: 0x4963d30 (libc.so.6:free) redirected to 0x4849820 (free)
--7374-- REDIR: 0x4a414f0 (libc.so.6:__strcpy_avx2) redirected to 0x484f370 (strcpy)
--7374-- REDIR: 0x4a3f400 (libc.so.6:__memset_avx2_unaligned_erms) redirected to 0x4852c50 (memset)
--7374-- REDIR: 0x4a42e80 (libc.so.6:__strncpy_avx2) redirected to 0x484f4f0 (strncpy)
--7374-- REDIR: 0x4a3e000 (libc.so.6:__memchr_avx2) redirected to 0x48504e0 (memchr)
--7374-- REDIR: 0x4a3fe50 (libc.so.6:__strcasecmp_l_avx2) redirected to 0x484ff70 (strcasecmp_l)
--7374-- REDIR: 0x4a3f6b0 (libc.so.6:__stpcpy_avx2) redirected to 0x48525a0 (stpcpy)
--7374-- REDIR: 0x4a3fe40 (libc.so.6:__strcasecmp_avx2) redirected to 0x484fcf0 (strcasecmp)
--7374-- REDIR: 0x4a418c0 (libc.so.6:__strncasecmp_avx2) redirected to 0x484fdd0 (strncasecmp)
--7374-- REDIR: 0x4a3e2a0 (libc.so.6:__memcmp_avx2_movbe) redirected to 0x4852480 (bcmp)
==7374== 
==7374== FILE DESCRIPTORS: 5 open (3 std) at exit.
==7374== Open file descriptor 7: /dev/ptmx
==7374==    <inherited from parent>
==7374== 
==7374== Open file descriptor 3: /home/jcmspg/minishell/valgrind.log
==7374==    <inherited from parent>
==7374== 
==7374== 
==7374== HEAP SUMMARY:
==7374==     in use at exit: 232,863 bytes in 234 blocks
==7374==   total heap usage: 1,620 allocs, 1,386 frees, 534,850 bytes allocated
==7374== 
==7374== Searching for pointers to 234 not-freed blocks
==7374== Checked 262,128 bytes
==7374== 
==7374== LEAK SUMMARY:
==7374==    definitely lost: 0 bytes in 0 blocks
==7374==    indirectly lost: 0 bytes in 0 blocks
==7374==      possibly lost: 0 bytes in 0 blocks
==7374==    still reachable: 0 bytes in 0 blocks
==7374==         suppressed: 232,863 bytes in 234 blocks
==7374== 
==7374== ERROR SUMMARY: 0 errors from 0 contexts (suppressed: 0 from 0)
--7374-- 
--7374-- used_suppression:     74 ignore_libreadline_conditional_jump_errors read.supp:2 suppressed: 232,863 bytes in 234 blocks
==7374== 
==7374== ERROR SUMMARY: 0 errors from 0 contexts (suppressed: 0 from 0)
